---------------------------------------------------------------------------------------------------------------------------------------
      name:  <unnamed>
       log:  C:\Users\tarozzino\Dropbox\Experimental\AERR\Final\Stata\tableA12_kap.log
  log type:  text
 opened on:  12 Oct 2013, 13:06:53

. *** This file generates the results in Table A.12: Knowledge of Causes of Malaria and Risk Mitigating Behavior;
. use "hhinfo_fup" if match==1;

. gen arm_c = vtype==1;

. gen arm_free = vtype==2;

. gen arm_mf = vtype==3;

. drop prev__ra;

. cap matrix drop results;

. * Panel (A) of table A.12;
. qui foreach var of varlist from1_mwater from2_mmosq from6_menviron from__dk {;

. mat list results, format(%4.3f);

results[4,4]
                 arm_c  arm_free    arm_mf        c4
from1_mwater     0.105     0.059     0.073     0.055
 from2_mmosq     0.845     0.892     0.854     0.058
from6_menv~n     0.116     0.131     0.148     0.451
    from__dk     0.037     0.025     0.051     0.065

. cap matrix drop results;

. * Panels (B) and (C);
. qui foreach var of varlist prev* inner outer {;

. mat list results, format(%4.3f);

results[16,4]
                 arm_c  arm_free    arm_mf        c4
 prev1_pnets     0.819     0.866     0.830     0.141
  prev2_pitn     0.023     0.023     0.017     0.715
prev3_pcloth     0.004     0.008     0.010     0.269
prev4_pwater     0.076     0.054     0.059     0.483
 prev5_insec     0.009     0.008     0.017     0.354
prev6_pcoils     0.030     0.020     0.020     0.553
prev7_psmoke     0.016     0.023     0.022     0.624
 prev8_pstag     0.028     0.021     0.022     0.700
prev9_pdrain     0.054     0.075     0.087     0.095
prev10pclean     0.158     0.170     0.211     0.155
 prev11pdiet     0.051     0.039     0.037     0.616
  prev12pmed     0.042     0.033     0.066     0.059
prev13pother     0.035     0.021     0.027     0.470
    prev__dk     0.035     0.030     0.024     0.605
  innerspray     0.403     0.368     0.296     0.238
  outerspray     0.531     0.481     0.441     0.575

. * Panel (D);
. qui foreach var of varlist nets_tot* {;

. mat list results, format(%4.3f);

results[19,4]
                 arm_c  arm_free    arm_mf        c4
 prev1_pnets     0.819     0.866     0.830     0.141
  prev2_pitn     0.023     0.023     0.017     0.715
prev3_pcloth     0.004     0.008     0.010     0.269
prev4_pwater     0.076     0.054     0.059     0.483
 prev5_insec     0.009     0.008     0.017     0.354
prev6_pcoils     0.030     0.020     0.020     0.553
prev7_psmoke     0.016     0.023     0.022     0.624
 prev8_pstag     0.028     0.021     0.022     0.700
prev9_pdrain     0.054     0.075     0.087     0.095
prev10pclean     0.158     0.170     0.211     0.155
 prev11pdiet     0.051     0.039     0.037     0.616
  prev12pmed     0.042     0.033     0.066     0.059
prev13pother     0.035     0.021     0.027     0.470
    prev__dk     0.035     0.030     0.024     0.605
  innerspray     0.403     0.368     0.296     0.238
  outerspray     0.531     0.481     0.441     0.575
nets_tot_gov     0.051     0.054     0.136     0.321
nets_tot_ngo     0.004     0.000     0.019     0.328
nets_tot_mkt     0.678     0.139     0.511     0.000

. cap log close;
