---------------------------------------------------------------------------------------------------------------------------------------
      name:  <unnamed>
       log:  C:\Users\tarozzino\Dropbox\Experimental\AERR\Final\Stata\tableA9_cashbalance.log
  log type:  text
 opened on:  12 Oct 2013, 13:06:39

. * IMPORT CENSUS DATA FROM THE FIRST THREE EXPERIMENTAL ARMS AS WELL AS FROM THE ADDITIONAL VILLAGES STUDIES IN THE CASH ARM;
. use "censusdata" if inlist(vtype,1,2,3) | price<.;
(Data on village characteristics and amenities from 2001 Census of India)

. gen sharesc = sc_p/t_p;

. gen sharest = st_p/t_p;

. gen sharef = t_f/t_p;

. gen sc_primary =  p_sch > 0;

. gen sc_middle = m_sch > 0;

. gen sc_secondary = s_sch > 0;

. gen hospital =  all_hosp > 0;

. gen shareirr = tot_irr/area;

. gen shareunirr = un_irr/area;

. * Generate a dummy = 1 if village was included in the Cash-only ex-post experimental arm;
. gen incash = price<.;

. gen byte low = price==1 if price<.;
(116 missing values generated)

. matrix results = J(1,3,.);

. * Exclude 'hospital' (only one village has it), 'sc_primary' (all but 7 villages have it) and comm_bank (only 10 villages have it);
. foreach var of varlist 
>                 area t_hh sharesc sharest sharef sc_middle sc_secondary ph_cntr phs_cnt well tank river canal 
>                 post_off phone bs_fac  ac_soc app_pr dist_town power_dom power_agr shareirr shareunirr  {;
  2.         matrix temp = J(1,3,.);
  3.         * Check equality between Cash and Others;
.         reg `var' incash, robust;
  4.         test incash;
  5.         matrix temp[1,1] = r(p);
  6.                         * Check equality between "New cash" and "Control Cash";
.         reg `var' new, robust;
  7.         test new;
  8.         matrix temp[1,2] = r(p);
  9.                 * Check equality between High and Low price;
.         reg `var' low if low<., robust;
 10.         test low;
 11.         matrix temp[1,3] = r(p);
 12.                 matrix rownames temp = `var';
 13.         matrix results = results\temp;
 14.                 };

Linear regression                                      Number of obs =     156
                                                       F(  1,   154) =    0.03
                                                       Prob > F      =  0.8619
                                                       R-squared     =  0.0002
                                                       Root MSE      =  346.14

------------------------------------------------------------------------------
             |               Robust
        area |      Coef.   Std. Err.      t    P>|t|     [95% Conf. Interval]
-------------+----------------------------------------------------------------
      incash |   9.943966    57.0529     0.17   0.862    -102.7634    122.6513
       _cons |    435.181   33.72211    12.90   0.000     368.5634    501.7987
------------------------------------------------------------------------------

 ( 1)  incash = 0

       F(  1,   154) =    0.03
            Prob > F =    0.8619

Linear regression                                      Number of obs =      40
                                                       F(  1,    38) =    0.05
                                                       Prob > F      =  0.8224
                                                       R-squared     =  0.0011
                                                       Root MSE      =  296.54

------------------------------------------------------------------------------
             |               Robust
        area |      Coef.   Std. Err.      t    P>|t|     [95% Conf. Interval]
-------------+----------------------------------------------------------------
         new |   19.53333   86.41191     0.23   0.822    -155.3984    194.4651
       _cons |      437.8   67.77416     6.46   0.000     300.5984    575.0016
------------------------------------------------------------------------------

 ( 1)  new = 0

       F(  1,    38) =    0.05
            Prob > F =    0.8224

Linear regression                                      Number of obs =      40
                                                       F(  1,    38) =    1.73
                                                       Prob > F      =  0.1961
                                                       R-squared     =  0.0436
                                                       Root MSE      =  290.16

------------------------------------------------------------------------------
             |               Robust
        area |      Coef.   Std. Err.      t    P>|t|     [95% Conf. Interval]
-------------+----------------------------------------------------------------
         low |     120.75   91.75647     1.32   0.196    -65.00126    306.5013
       _cons |     384.75    50.3737     7.64   0.000     282.7738    486.7262
------------------------------------------------------------------------------

 ( 1)  low = 0

       F(  1,    38) =    1.73
            Prob > F =    0.1961

Linear regression                                      Number of obs =     156
                                                       F(  1,   154) =    0.00
                                                       Prob > F      =  0.9608
                                                       R-squared     =  0.0000
                                                       Root MSE      =   368.4

------------------------------------------------------------------------------
             |               Robust
        t_hh |      Coef.   Std. Err.      t    P>|t|     [95% Conf. Interval]
-------------+----------------------------------------------------------------
      incash |  -3.028448   61.58251    -0.05   0.961     -124.684    118.6271
       _cons |   302.1034   35.69234     8.46   0.000     231.5937    372.6132
------------------------------------------------------------------------------

 ( 1)  incash = 0

       F(  1,   154) =    0.00
            Prob > F =    0.9608

Linear regression                                      Number of obs =      40
                                                       F(  1,    38) =    0.00
                                                       Prob > F      =  0.9972
                                                       R-squared     =  0.0000
                                                       Root MSE      =  323.54

------------------------------------------------------------------------------
             |               Robust
        t_hh |      Coef.   Std. Err.      t    P>|t|     [95% Conf. Interval]
-------------+----------------------------------------------------------------
         new |   .3066667   86.85188     0.00   0.997    -175.5158    176.1291
       _cons |     298.96   78.89881     3.79   0.001     139.2377    458.6823
------------------------------------------------------------------------------

 ( 1)  new = 0

       F(  1,    38) =    0.00
            Prob > F =    0.9972

Linear regression                                      Number of obs =      40
                                                       F(  1,    38) =    3.30
                                                       Prob > F      =  0.0771
                                                       R-squared     =  0.0800
                                                       Root MSE      =  310.34

------------------------------------------------------------------------------
             |               Robust
        t_hh |      Coef.   Std. Err.      t    P>|t|     [95% Conf. Interval]
-------------+----------------------------------------------------------------
         low |     178.35   98.13781     1.82   0.077    -20.31962    377.0196
       _cons |      209.9   20.29621    10.34   0.000     168.8125    250.9875
------------------------------------------------------------------------------

 ( 1)  low = 0

       F(  1,    38) =    3.30
            Prob > F =    0.0771

Linear regression                                      Number of obs =     156
                                                       F(  1,   154) =    0.78
                                                       Prob > F      =  0.3780
                                                       R-squared     =  0.0048
                                                       Root MSE      =  .12125

------------------------------------------------------------------------------
             |               Robust
     sharesc |      Coef.   Std. Err.      t    P>|t|     [95% Conf. Interval]
-------------+----------------------------------------------------------------
      incash |   .0190705   .0215713     0.88   0.378    -.0235433    .0616844
       _cons |   .1670476   .0114301    14.61   0.000     .1444677    .1896276
------------------------------------------------------------------------------

 ( 1)  incash = 0

       F(  1,   154) =    0.78
            Prob > F =    0.3780

Linear regression                                      Number of obs =      40
                                                       F(  1,    38) =    1.55
                                                       Prob > F      =  0.2210
                                                       R-squared     =  0.0499
                                                       Root MSE      =  .11496

------------------------------------------------------------------------------
             |               Robust
     sharesc |      Coef.   Std. Err.      t    P>|t|     [95% Conf. Interval]
-------------+----------------------------------------------------------------
         new |   .0530507   .0426381     1.24   0.221    -.0332656    .1393671
       _cons |   .1662241   .0172924     9.61   0.000     .1312175    .2012308
------------------------------------------------------------------------------

 ( 1)  new = 0

       F(  1,    38) =    1.55
            Prob > F =    0.2210

Linear regression                                      Number of obs =      40
                                                       F(  1,    38) =    0.08
                                                       Prob > F      =  0.7849
                                                       R-squared     =  0.0020
                                                       Root MSE      =  .11783

------------------------------------------------------------------------------
             |               Robust
     sharesc |      Coef.   Std. Err.      t    P>|t|     [95% Conf. Interval]
-------------+----------------------------------------------------------------
         low |   .0102401   .0372603     0.27   0.785    -.0651895    .0856697
       _cons |   .1809981   .0296885     6.10   0.000     .1208969    .2410993
------------------------------------------------------------------------------

 ( 1)  low = 0

       F(  1,    38) =    0.08
            Prob > F =    0.7849

Linear regression                                      Number of obs =     156
                                                       F(  1,   154) =    7.64
                                                       Prob > F      =  0.0064
                                                       R-squared     =  0.0351
                                                       Root MSE      =  .25367

------------------------------------------------------------------------------
             |               Robust
     sharest |      Coef.   Std. Err.      t    P>|t|     [95% Conf. Interval]
-------------+----------------------------------------------------------------
      incash |  -.1100288   .0398049    -2.76   0.006    -.1886628   -.0313948
       _cons |   .3618653   .0251563    14.38   0.000     .3121694    .4115613
------------------------------------------------------------------------------

 ( 1)  incash = 0

       F(  1,   154) =    7.64
            Prob > F =    0.0064

Linear regression                                      Number of obs =      40
                                                       F(  1,    38) =    0.24
                                                       Prob > F      =  0.6268
                                                       R-squared     =  0.0058
                                                       Root MSE      =   .1983

------------------------------------------------------------------------------
             |               Robust
     sharest |      Coef.   Std. Err.      t    P>|t|     [95% Conf. Interval]
-------------+----------------------------------------------------------------
         new |   .0305142    .062242     0.49   0.627    -.0954881    .1565165
       _cons |   .2403937    .041871     5.74   0.000     .1556303    .3251572
------------------------------------------------------------------------------

 ( 1)  new = 0

       F(  1,    38) =    0.24
            Prob > F =    0.6268

Linear regression                                      Number of obs =      40
                                                       F(  1,    38) =    0.52
                                                       Prob > F      =  0.4759
                                                       R-squared     =  0.0135
                                                       Root MSE      =  .19754

------------------------------------------------------------------------------
             |               Robust
     sharest |      Coef.   Std. Err.      t    P>|t|     [95% Conf. Interval]
-------------+----------------------------------------------------------------
         low |   -.044978   .0624666    -0.72   0.476     -.171435     .081479
       _cons |   .2743256   .0334616     8.20   0.000     .2065861     .342065
------------------------------------------------------------------------------

 ( 1)  low = 0

       F(  1,    38) =    0.52
            Prob > F =    0.4759

Linear regression                                      Number of obs =     156
                                                       F(  1,   154) =    0.02
                                                       Prob > F      =  0.8842
                                                       R-squared     =  0.0001
                                                       Root MSE      =  .02083

------------------------------------------------------------------------------
             |               Robust
      sharef |      Coef.   Std. Err.      t    P>|t|     [95% Conf. Interval]
-------------+----------------------------------------------------------------
      incash |   .0004389   .0030077     0.15   0.884    -.0055027    .0063805
       _cons |   .4971634   .0021186   234.67   0.000     .4929782    .5013486
------------------------------------------------------------------------------

 ( 1)  incash = 0

       F(  1,   154) =    0.02
            Prob > F =    0.8842

Linear regression                                      Number of obs =      40
                                                       F(  1,    38) =    0.01
                                                       Prob > F      =  0.9313
                                                       R-squared     =  0.0002
                                                       Root MSE      =  .01376

------------------------------------------------------------------------------
             |               Robust
      sharef |      Coef.   Std. Err.      t    P>|t|     [95% Conf. Interval]
-------------+----------------------------------------------------------------
         new |   .0003486   .0040186     0.09   0.931    -.0077865    .0084838
       _cons |   .4974716   .0031397   158.44   0.000     .4911155    .5038277
------------------------------------------------------------------------------

 ( 1)  new = 0

       F(  1,    38) =    0.01
            Prob > F =    0.9313

Linear regression                                      Number of obs =      40
                                                       F(  1,    38) =    0.00
                                                       Prob > F      =  0.9644
                                                       R-squared     =  0.0001
                                                       Root MSE      =  .01376

------------------------------------------------------------------------------
             |               Robust
      sharef |      Coef.   Std. Err.      t    P>|t|     [95% Conf. Interval]
-------------+----------------------------------------------------------------
         low |  -.0001954   .0043524    -0.04   0.964    -.0090065    .0086156
       _cons |      .4977   .0033289   149.51   0.000     .4909611     .504439
------------------------------------------------------------------------------

 ( 1)  low = 0

       F(  1,    38) =    0.00
            Prob > F =    0.9644

Linear regression                                      Number of obs =     156
                                                       F(  1,   154) =    0.08
                                                       Prob > F      =  0.7796
                                                       R-squared     =  0.0005
                                                       Root MSE      =  .50274

------------------------------------------------------------------------------
             |               Robust
   sc_middle |      Coef.   Std. Err.      t    P>|t|     [95% Conf. Interval]
-------------+----------------------------------------------------------------
      incash |   .0258621   .0922415     0.28   0.780    -.1563599     .208084
       _cons |   .4741379   .0466618    10.16   0.000     .3819582    .5663177
------------------------------------------------------------------------------

 ( 1)  incash = 0

       F(  1,   154) =    0.08
            Prob > F =    0.7796

Linear regression                                      Number of obs =      40
                                                       F(  1,    38) =    0.10
                                                       Prob > F      =  0.7516
                                                       R-squared     =  0.0027
                                                       Root MSE      =   .5123

------------------------------------------------------------------------------
             |               Robust
   sc_middle |      Coef.   Std. Err.      t    P>|t|     [95% Conf. Interval]
-------------+----------------------------------------------------------------
         new |   .0533333   .1672584     0.32   0.752    -.2852635    .3919302
       _cons |        .48   .1025157     4.68   0.000     .2724678    .6875322
------------------------------------------------------------------------------

 ( 1)  new = 0

       F(  1,    38) =    0.10
            Prob > F =    0.7516

Linear regression                                      Number of obs =      40
                                                       F(  1,    38) =    0.38
                                                       Prob > F      =  0.5393
                                                       R-squared     =  0.0100
                                                       Root MSE      =  .51042

------------------------------------------------------------------------------
             |               Robust
   sc_middle |      Coef.   Std. Err.      t    P>|t|     [95% Conf. Interval]
-------------+----------------------------------------------------------------
         low |         .1   .1614083     0.62   0.539     -.226754     .426754
       _cons |        .45   .1141329     3.94   0.000     .2189501    .6810499
------------------------------------------------------------------------------

 ( 1)  low = 0

       F(  1,    38) =    0.38
            Prob > F =    0.5393

Linear regression                                      Number of obs =     156
                                                       F(  1,   154) =    0.29
                                                       Prob > F      =  0.5935
                                                       R-squared     =  0.0019
                                                       Root MSE      =  .47623

------------------------------------------------------------------------------
             |               Robust
sc_secondary |      Coef.   Std. Err.      t    P>|t|     [95% Conf. Interval]
-------------+----------------------------------------------------------------
      incash |   .0474138   .0886512     0.53   0.594    -.1277157    .2225432
       _cons |   .3275862   .0438585     7.47   0.000     .2409442    .4142282
------------------------------------------------------------------------------

 ( 1)  incash = 0

       F(  1,   154) =    0.29
            Prob > F =    0.5935

Linear regression                                      Number of obs =      40
                                                       F(  1,    38) =    0.17
                                                       Prob > F      =  0.6799
                                                       R-squared     =  0.0044
                                                       Root MSE      =  .49559

------------------------------------------------------------------------------
             |               Robust
sc_secondary |      Coef.   Std. Err.      t    P>|t|     [95% Conf. Interval]
-------------+----------------------------------------------------------------
         new |  -.0666667   .1603116    -0.42   0.680    -.3912005    .2578672
       _cons |         .4   .1005249     3.98   0.000     .1964979    .6035021
------------------------------------------------------------------------------

 ( 1)  new = 0

       F(  1,    38) =    0.17
            Prob > F =    0.6799

Linear regression                                      Number of obs =      40
                                                       F(  1,    38) =    2.71
                                                       Prob > F      =  0.1077
                                                       R-squared     =  0.0667
                                                       Root MSE      =  .47986

------------------------------------------------------------------------------
             |               Robust
sc_secondary |      Coef.   Std. Err.      t    P>|t|     [95% Conf. Interval]
-------------+----------------------------------------------------------------
         low |        .25   .1517442     1.65   0.108    -.0571902    .5571902
       _cons |        .25   .0993399     2.52   0.016     .0488968    .4511032
------------------------------------------------------------------------------

 ( 1)  low = 0

       F(  1,    38) =    2.71
            Prob > F =    0.1077

Linear regression                                      Number of obs =     156
                                                       F(  1,   154) =    0.02
                                                       Prob > F      =  0.9004
                                                       R-squared     =  0.0001
                                                       Root MSE      =  .25765

------------------------------------------------------------------------------
             |               Robust
     ph_cntr |      Coef.   Std. Err.      t    P>|t|     [95% Conf. Interval]
-------------+----------------------------------------------------------------
      incash |   .0060345   .0481416     0.13   0.900    -.0890687    .1011377
       _cons |   .0689655   .0236795     2.91   0.004      .022187     .115744
------------------------------------------------------------------------------

 ( 1)  incash = 0

       F(  1,   154) =    0.02
            Prob > F =    0.9004

Linear regression                                      Number of obs =      40
                                                       F(  0,    38) =       .
                                                       Prob > F      =       .
                                                       R-squared     =  0.0486
                                                       Root MSE      =  .26358

------------------------------------------------------------------------------
             |               Robust
     ph_cntr |      Coef.   Std. Err.      t    P>|t|     [95% Conf. Interval]
-------------+----------------------------------------------------------------
         new |       -.12   .0666807    -1.80   0.080     -.254988     .014988
       _cons |        .12   .0666807     1.80   0.080     -.014988     .254988
------------------------------------------------------------------------------

 ( 1)  new = 0

       F(  1,    38) =    3.24
            Prob > F =    0.0799

Linear regression                                      Number of obs =      40
                                                       F(  1,    38) =    0.35
                                                       Prob > F      =  0.5602
                                                       R-squared     =  0.0090
                                                       Root MSE      =  .26901

------------------------------------------------------------------------------
             |               Robust
     ph_cntr |      Coef.   Std. Err.      t    P>|t|     [95% Conf. Interval]
-------------+----------------------------------------------------------------
         low |        .05   .0850696     0.59   0.560    -.1222145    .2222145
       _cons |        .05        .05     1.00   0.324    -.0512197    .1512197
------------------------------------------------------------------------------

 ( 1)  low = 0

       F(  1,    38) =    0.35
            Prob > F =    0.5602

Linear regression                                      Number of obs =     156
                                                       F(  1,   154) =    0.22
                                                       Prob > F      =  0.6420
                                                       R-squared     =  0.0015
                                                       Root MSE      =  .40132

------------------------------------------------------------------------------
             |               Robust
     phs_cnt |      Coef.   Std. Err.      t    P>|t|     [95% Conf. Interval]
-------------+----------------------------------------------------------------
      incash |   .0353448    .075882     0.47   0.642    -.1145591    .1852488
       _cons |   .1896552   .0366345     5.18   0.000     .1172842    .2620262
------------------------------------------------------------------------------

 ( 1)  incash = 0

       F(  1,   154) =    0.22
            Prob > F =    0.6420

Linear regression                                      Number of obs =      40
                                                       F(  1,    38) =    1.30
                                                       Prob > F      =  0.2621
                                                       R-squared     =  0.0289
                                                       Root MSE      =  .42219

------------------------------------------------------------------------------
             |               Robust
     phs_cnt |      Coef.   Std. Err.      t    P>|t|     [95% Conf. Interval]
-------------+----------------------------------------------------------------
         new |  -.1466667   .1288316    -1.14   0.262    -.4074726    .1141393
       _cons |        .28   .0921326     3.04   0.004     .0934872    .4665128
------------------------------------------------------------------------------

 ( 1)  new = 0

       F(  1,    38) =    1.30
            Prob > F =    0.2621

Linear regression                                      Number of obs =      40
                                                       F(  1,    38) =    1.27
                                                       Prob > F      =  0.2675
                                                       R-squared     =  0.0323
                                                       Root MSE      =  .42146

------------------------------------------------------------------------------
             |               Robust
     phs_cnt |      Coef.   Std. Err.      t    P>|t|     [95% Conf. Interval]
-------------+----------------------------------------------------------------
         low |        .15   .1332785     1.13   0.267    -.1198082    .4198082
       _cons |        .15   .0819178     1.83   0.075    -.0158339    .3158339
------------------------------------------------------------------------------

 ( 1)  low = 0

       F(  1,    38) =    1.27
            Prob > F =    0.2675

Linear regression                                      Number of obs =     156
                                                       F(  1,   154) =    1.49
                                                       Prob > F      =  0.2245
                                                       R-squared     =  0.0077
                                                       Root MSE      =  .36174

------------------------------------------------------------------------------
             |               Robust
        well |      Coef.   Std. Err.      t    P>|t|     [95% Conf. Interval]
-------------+----------------------------------------------------------------
      incash |   .0724138   .0593739     1.22   0.224    -.0448786    .1897062
       _cons |   .8275862   .0352993    23.44   0.000     .7578529    .8973195
------------------------------------------------------------------------------

 ( 1)  incash = 0

       F(  1,   154) =    1.49
            Prob > F =    0.2245

Linear regression                                      Number of obs =      40
                                                       F(  1,    38) =    0.32
                                                       Prob > F      =  0.5733
                                                       R-squared     =  0.0074
                                                       Root MSE      =  .30665

------------------------------------------------------------------------------
             |               Robust
        well |      Coef.   Std. Err.      t    P>|t|     [95% Conf. Interval]
-------------+----------------------------------------------------------------
         new |   .0533333   .0938764     0.57   0.573    -.1367096    .2433763
       _cons |        .88   .0666807    13.20   0.000      .745012    1.014988
------------------------------------------------------------------------------

 ( 1)  new = 0

       F(  1,    38) =    0.32
            Prob > F =    0.5733

Linear regression                                      Number of obs =      40
                                                       F(  1,    38) =    0.00
                                                       Prob > F      =  1.0000
                                                       R-squared     =  0.0000
                                                       Root MSE      =  .30779

------------------------------------------------------------------------------
             |               Robust
        well |      Coef.   Std. Err.      t    P>|t|     [95% Conf. Interval]
-------------+----------------------------------------------------------------
         low |          0   .0973329     0.00   1.000    -.1970401    .1970401
       _cons |         .9   .0688247    13.08   0.000     .7606716    1.039328
------------------------------------------------------------------------------

 ( 1)  low = 0

       F(  1,    38) =    0.00
            Prob > F =    1.0000

Linear regression                                      Number of obs =     156
                                                       F(  1,   154) =    4.06
                                                       Prob > F      =  0.0455
                                                       R-squared     =  0.0205
                                                       Root MSE      =  .43495

------------------------------------------------------------------------------
             |               Robust
        tank |      Coef.   Std. Err.      t    P>|t|     [95% Conf. Interval]
-------------+----------------------------------------------------------------
      incash |   .1431034   .0709806     2.02   0.046     .0028821    .2833248
       _cons |   .7068966   .0425365    16.62   0.000     .6228663    .7909268
------------------------------------------------------------------------------

 ( 1)  incash = 0

       F(  1,   154) =    4.06
            Prob > F =    0.0455

Linear regression                                      Number of obs =      40
                                                       F(  1,    38) =    1.60
                                                       Prob > F      =  0.2134
                                                       R-squared     =  0.0327
                                                       Root MSE      =  .36031

------------------------------------------------------------------------------
             |               Robust
        tank |      Coef.   Std. Err.      t    P>|t|     [95% Conf. Interval]
-------------+----------------------------------------------------------------
         new |   .1333333   .1053723     1.27   0.213    -.0799817    .3466483
       _cons |         .8   .0820783     9.75   0.000     .6338412    .9661588
------------------------------------------------------------------------------

 ( 1)  new = 0

       F(  1,    38) =    1.60
            Prob > F =    0.2134

Linear regression                                      Number of obs =      40
                                                       F(  1,    38) =    0.00
                                                       Prob > F      =  1.0000
                                                       R-squared     =  0.0000
                                                       Root MSE      =  .36635

------------------------------------------------------------------------------
             |               Robust
        tank |      Coef.   Std. Err.      t    P>|t|     [95% Conf. Interval]
-------------+----------------------------------------------------------------
         low |  -5.55e-18   .1158493    -0.00   1.000    -.2345246    .2345246
       _cons |        .85   .0819178    10.38   0.000     .6841661    1.015834
------------------------------------------------------------------------------

 ( 1)  low = 0

       F(  1,    38) =    0.00
            Prob > F =    1.0000

Linear regression                                      Number of obs =     156
                                                       F(  1,   154) =    0.17
                                                       Prob > F      =  0.6803
                                                       R-squared     =  0.0012
                                                       Root MSE      =  .36292

------------------------------------------------------------------------------
             |               Robust
       river |      Coef.   Std. Err.      t    P>|t|     [95% Conf. Interval]
-------------+----------------------------------------------------------------
      incash |   .0284483   .0689092     0.41   0.680    -.1076811    .1645776
       _cons |   .1465517   .0330489     4.43   0.000      .081264    .2118394
------------------------------------------------------------------------------

 ( 1)  incash = 0

       F(  1,   154) =    0.17
            Prob > F =    0.6803

Linear regression                                      Number of obs =      40
                                                       F(  1,    38) =    1.18
                                                       Prob > F      =  0.2834
                                                       R-squared     =  0.0349
                                                       Root MSE      =  .38297

------------------------------------------------------------------------------
             |               Robust
       river |      Coef.   Std. Err.      t    P>|t|     [95% Conf. Interval]
-------------+----------------------------------------------------------------
         new |   .1466667   .1347943     1.09   0.283    -.1262102    .4195435
       _cons |        .12   .0666807     1.80   0.080     -.014988     .254988
------------------------------------------------------------------------------

 ( 1)  new = 0

       F(  1,    38) =    1.18
            Prob > F =    0.2834

Linear regression                                      Number of obs =      40
                                                       F(  1,    38) =    1.54
                                                       Prob > F      =  0.2221
                                                       R-squared     =  0.0390
                                                       Root MSE      =  .38217

------------------------------------------------------------------------------
             |               Robust
       river |      Coef.   Std. Err.      t    P>|t|     [95% Conf. Interval]
-------------+----------------------------------------------------------------
         low |        .15   .1208522     1.24   0.222    -.0946526    .3946526
       _cons |         .1   .0688247     1.45   0.154    -.0393284    .2393284
------------------------------------------------------------------------------

 ( 1)  low = 0

       F(  1,    38) =    1.54
            Prob > F =    0.2221

Linear regression                                      Number of obs =     156
                                                       F(  1,   154) =    0.29
                                                       Prob > F      =  0.5893
                                                       R-squared     =  0.0021
                                                       Root MSE      =  .35646

------------------------------------------------------------------------------
             |               Robust
       canal |      Coef.   Std. Err.      t    P>|t|     [95% Conf. Interval]
-------------+----------------------------------------------------------------
      incash |    .037069   .0685173     0.54   0.589    -.0982861     .172424
       _cons |    .137931   .0322237     4.28   0.000     .0742736    .2015885
------------------------------------------------------------------------------

 ( 1)  incash = 0

       F(  1,   154) =    0.29
            Prob > F =    0.5893

Linear regression                                      Number of obs =      40
                                                       F(  1,    38) =    1.18
                                                       Prob > F      =  0.2834
                                                       R-squared     =  0.0349
                                                       Root MSE      =  .38297

------------------------------------------------------------------------------
             |               Robust
       canal |      Coef.   Std. Err.      t    P>|t|     [95% Conf. Interval]
-------------+----------------------------------------------------------------
         new |   .1466667   .1347943     1.09   0.283    -.1262102    .4195435
       _cons |        .12   .0666807     1.80   0.080     -.014988     .254988
------------------------------------------------------------------------------

 ( 1)  new = 0

       F(  1,    38) =    1.18
            Prob > F =    0.2834

Linear regression                                      Number of obs =      40
                                                       F(  1,    38) =    0.17
                                                       Prob > F      =  0.6867
                                                       R-squared     =  0.0043
                                                       Root MSE      =  .38899

------------------------------------------------------------------------------
             |               Robust
       canal |      Coef.   Std. Err.      t    P>|t|     [95% Conf. Interval]
-------------+----------------------------------------------------------------
         low |        .05   .1230105     0.41   0.687    -.1990217    .2990217
       _cons |        .15   .0819178     1.83   0.075    -.0158339    .3158339
------------------------------------------------------------------------------

 ( 1)  low = 0

       F(  1,    38) =    0.17
            Prob > F =    0.6867

Linear regression                                      Number of obs =     156
                                                       F(  1,   154) =    0.22
                                                       Prob > F      =  0.6368
                                                       R-squared     =  0.0015
                                                       Root MSE      =  .45859

------------------------------------------------------------------------------
             |               Robust
    post_off |      Coef.   Std. Err.      t    P>|t|     [95% Conf. Interval]
-------------+----------------------------------------------------------------
      incash |   .0405172   .0856338     0.47   0.637    -.1286513    .2096858
       _cons |   .2844828    .042161     6.75   0.000     .2011942    .3677713
------------------------------------------------------------------------------

 ( 1)  incash = 0

       F(  1,   154) =    0.22
            Prob > F =    0.6368

Linear regression                                      Number of obs =      40
                                                       F(  1,    38) =    0.01
                                                       Prob > F      =  0.9329
                                                       R-squared     =  0.0002
                                                       Root MSE      =   .4805

------------------------------------------------------------------------------
             |               Robust
    post_off |      Coef.   Std. Err.      t    P>|t|     [95% Conf. Interval]
-------------+----------------------------------------------------------------
         new |   .0133333   .1573425     0.08   0.933    -.3051898    .3318565
       _cons |        .32   .0957189     3.34   0.002     .1262272    .5137728
------------------------------------------------------------------------------

 ( 1)  new = 0

       F(  1,    38) =    0.01
            Prob > F =    0.9329

Linear regression                                      Number of obs =      40
                                                       F(  1,    38) =    2.91
                                                       Prob > F      =  0.0960
                                                       R-squared     =  0.0712
                                                       Root MSE      =  .46311

------------------------------------------------------------------------------
             |               Robust
    post_off |      Coef.   Std. Err.      t    P>|t|     [95% Conf. Interval]
-------------+----------------------------------------------------------------
         low |        .25   .1464492     1.71   0.096    -.0464709    .5464709
       _cons |         .2   .0917663     2.18   0.036     .0142289    .3857711
------------------------------------------------------------------------------

 ( 1)  low = 0

       F(  1,    38) =    2.91
            Prob > F =    0.0960

Linear regression                                      Number of obs =     156
                                                       F(  1,   154) =    0.04
                                                       Prob > F      =  0.8364
                                                       R-squared     =  0.0003
                                                       Root MSE      =  .49901

------------------------------------------------------------------------------
             |               Robust
       phone |      Coef.   Std. Err.      t    P>|t|     [95% Conf. Interval]
-------------+----------------------------------------------------------------
      incash |  -.0189655   .0917032    -0.21   0.836    -.2001242    .1621931
       _cons |   .5689655   .0462777    12.29   0.000     .4775444    .6603866
------------------------------------------------------------------------------

 ( 1)  incash = 0

       F(  1,   154) =    0.04
            Prob > F =    0.8364

Linear regression                                      Number of obs =      40
                                                       F(  1,    38) =    0.03
                                                       Prob > F      =  0.8739
                                                       R-squared     =  0.0007
                                                       Root MSE      =  .51025

------------------------------------------------------------------------------
             |               Robust
       phone |      Coef.   Std. Err.      t    P>|t|     [95% Conf. Interval]
-------------+----------------------------------------------------------------
         new |  -.0266667   .1668551    -0.16   0.874    -.3644472    .3111138
       _cons |        .56   .1018565     5.50   0.000     .3538024    .7661976
------------------------------------------------------------------------------

 ( 1)  new = 0

       F(  1,    38) =    0.03
            Prob > F =    0.8739

Linear regression                                      Number of obs =      40
                                                       F(  1,    38) =    0.00
                                                       Prob > F      =  1.0000
                                                       R-squared     =  0.0000
                                                       Root MSE      =  .51042

------------------------------------------------------------------------------
             |               Robust
       phone |      Coef.   Std. Err.      t    P>|t|     [95% Conf. Interval]
-------------+----------------------------------------------------------------
         low |          0   .1614083     0.00   1.000     -.326754     .326754
       _cons |        .55   .1141329     4.82   0.000     .3189501    .7810499
------------------------------------------------------------------------------

 ( 1)  low = 0

       F(  1,    38) =    0.00
            Prob > F =    1.0000

Linear regression                                      Number of obs =     156
                                                       F(  1,   154) =    0.73
                                                       Prob > F      =  0.3935
                                                       R-squared     =  0.0050
                                                       Root MSE      =  .45778

------------------------------------------------------------------------------
             |               Robust
      bs_fac |      Coef.   Std. Err.      t    P>|t|     [95% Conf. Interval]
-------------+----------------------------------------------------------------
      incash |   .0741379   .0866361     0.86   0.393    -.0970107    .2452865
       _cons |   .2758621   .0417666     6.60   0.000     .1933526    .3583716
------------------------------------------------------------------------------

 ( 1)  incash = 0

       F(  1,   154) =    0.73
            Prob > F =    0.3935

Linear regression                                      Number of obs =      40
                                                       F(  1,    38) =    0.25
                                                       Prob > F      =  0.6227
                                                       R-squared     =  0.0066
                                                       Root MSE      =  .48774

------------------------------------------------------------------------------
             |               Robust
      bs_fac |      Coef.   Std. Err.      t    P>|t|     [95% Conf. Interval]
-------------+----------------------------------------------------------------
         new |        .08   .1612582     0.50   0.623    -.2464502    .4064502
       _cons |        .32   .0957189     3.34   0.002     .1262272    .5137728
------------------------------------------------------------------------------

 ( 1)  new = 0

       F(  1,    38) =    0.25
            Prob > F =    0.6227

Linear regression                                      Number of obs =      40
                                                       F(  1,    38) =    1.75
                                                       Prob > F      =  0.1941
                                                       R-squared     =  0.0440
                                                       Root MSE      =  .47848

------------------------------------------------------------------------------
             |               Robust
      bs_fac |      Coef.   Std. Err.      t    P>|t|     [95% Conf. Interval]
-------------+----------------------------------------------------------------
         low |         .2   .1513101     1.32   0.194    -.1063112    .5063112
       _cons |        .25   .0993399     2.52   0.016     .0488968    .4511032
------------------------------------------------------------------------------

 ( 1)  low = 0

       F(  1,    38) =    1.75
            Prob > F =    0.1941

Linear regression                                      Number of obs =     156
                                                       F(  1,   154) =    0.16
                                                       Prob > F      =  0.6926
                                                       R-squared     =  0.0009
                                                       Root MSE      =  .28753

------------------------------------------------------------------------------
             |               Robust
      ac_soc |      Coef.   Std. Err.      t    P>|t|     [95% Conf. Interval]
-------------+----------------------------------------------------------------
      incash |  -.0198276   .0500646    -0.40   0.693    -.1187297    .0790745
       _cons |   .0948276   .0273783     3.46   0.001     .0407421     .148913
------------------------------------------------------------------------------

 ( 1)  incash = 0

       F(  1,   154) =    0.16
            Prob > F =    0.6926

Linear regression                                      Number of obs =      40
                                                       F(  0,    38) =       .
                                                       Prob > F      =       .
                                                       R-squared     =  0.0486
                                                       Root MSE      =  .26358

------------------------------------------------------------------------------
             |               Robust
      ac_soc |      Coef.   Std. Err.      t    P>|t|     [95% Conf. Interval]
-------------+----------------------------------------------------------------
         new |       -.12   .0666807    -1.80   0.080     -.254988     .014988
       _cons |        .12   .0666807     1.80   0.080     -.014988     .254988
------------------------------------------------------------------------------

 ( 1)  new = 0

       F(  1,    38) =    3.24
            Prob > F =    0.0799

Linear regression                                      Number of obs =      40
                                                       F(  1,    38) =    0.35
                                                       Prob > F      =  0.5602
                                                       R-squared     =  0.0090
                                                       Root MSE      =  .26901

------------------------------------------------------------------------------
             |               Robust
      ac_soc |      Coef.   Std. Err.      t    P>|t|     [95% Conf. Interval]
-------------+----------------------------------------------------------------
         low |        .05   .0850696     0.59   0.560    -.1222145    .2222145
       _cons |        .05        .05     1.00   0.324    -.0512197    .1512197
------------------------------------------------------------------------------

 ( 1)  low = 0

       F(  1,    38) =    0.35
            Prob > F =    0.5602

Linear regression                                      Number of obs =     156
                                                       F(  1,   154) =    3.50
                                                       Prob > F      =  0.0633
                                                       R-squared     =  0.0228
                                                       Root MSE      =  .49155

------------------------------------------------------------------------------
             |               Robust
      app_pr |      Coef.   Std. Err.      t    P>|t|     [95% Conf. Interval]
-------------+----------------------------------------------------------------
      incash |   .1706897    .091235     1.87   0.063    -.0095439    .3509232
       _cons |   .3793103   .0453427     8.37   0.000     .2897363    .4688843
------------------------------------------------------------------------------

 ( 1)  incash = 0

       F(  1,   154) =    3.50
            Prob > F =    0.0633

Linear regression                                      Number of obs =      40
                                                       F(  1,    38) =    3.57
                                                       Prob > F      =  0.0665
                                                       R-squared     =  0.0815
                                                       Root MSE      =  .48918

------------------------------------------------------------------------------
             |               Robust
      app_pr |      Coef.   Std. Err.      t    P>|t|     [95% Conf. Interval]
-------------+----------------------------------------------------------------
         new |   .2933333   .1552351     1.89   0.066    -.0209237    .6075903
       _cons |        .44   .1018565     4.32   0.000     .2338024    .6461976
------------------------------------------------------------------------------

 ( 1)  new = 0

       F(  1,    38) =    3.57
            Prob > F =    0.0665

Linear regression                                      Number of obs =      40
                                                       F(  1,    38) =    1.60
                                                       Prob > F      =  0.2136
                                                       R-squared     =  0.0404
                                                       Root MSE      =      .5

------------------------------------------------------------------------------
             |               Robust
      app_pr |      Coef.   Std. Err.      t    P>|t|     [95% Conf. Interval]
-------------+----------------------------------------------------------------
         low |         .2   .1581139     1.26   0.214    -.1200848    .5200848
       _cons |        .45   .1141329     3.94   0.000     .2189501    .6810499
------------------------------------------------------------------------------

 ( 1)  low = 0

       F(  1,    38) =    1.60
            Prob > F =    0.2136

Linear regression                                      Number of obs =     156
                                                       F(  1,   154) =    1.82
                                                       Prob > F      =  0.1798
                                                       R-squared     =  0.0051
                                                       Root MSE      =  28.597

------------------------------------------------------------------------------
             |               Robust
   dist_town |      Coef.   Std. Err.      t    P>|t|     [95% Conf. Interval]
-------------+----------------------------------------------------------------
      incash |  -4.663793   3.460854    -1.35   0.180    -11.50067    2.173082
       _cons |   29.41379   3.023904     9.73   0.000     23.44011    35.38748
------------------------------------------------------------------------------

 ( 1)  incash = 0

       F(  1,   154) =    1.82
            Prob > F =    0.1798

Linear regression                                      Number of obs =      40
                                                       F(  1,    38) =    0.06
                                                       Prob > F      =  0.8071
                                                       R-squared     =  0.0014
                                                       Root MSE      =  10.845

------------------------------------------------------------------------------
             |               Robust
   dist_town |      Coef.   Std. Err.      t    P>|t|     [95% Conf. Interval]
-------------+----------------------------------------------------------------
         new |   .8266667   3.362783     0.25   0.807    -5.980931    7.634265
       _cons |      24.44   2.323757    10.52   0.000      19.7358     29.1442
------------------------------------------------------------------------------

 ( 1)  new = 0

       F(  1,    38) =    0.06
            Prob > F =    0.8071

Linear regression                                      Number of obs =      40
                                                       F(  1,    38) =    0.10
                                                       Prob > F      =  0.7500
                                                       R-squared     =  0.0027
                                                       Root MSE      =  10.838

------------------------------------------------------------------------------
             |               Robust
   dist_town |      Coef.   Std. Err.      t    P>|t|     [95% Conf. Interval]
-------------+----------------------------------------------------------------
         low |       -1.1   3.427213    -0.32   0.750     -8.03803     5.83803
       _cons |       25.3   2.432348    10.40   0.000     20.37597    30.22403
------------------------------------------------------------------------------

 ( 1)  low = 0

       F(  1,    38) =    0.10
            Prob > F =    0.7500

Linear regression                                      Number of obs =     156
                                                       F(  1,   154) =    2.46
                                                       Prob > F      =  0.1190
                                                       R-squared     =  0.0141
                                                       Root MSE      =  .47544

------------------------------------------------------------------------------
             |               Robust
   power_dom |      Coef.   Std. Err.      t    P>|t|     [95% Conf. Interval]
-------------+----------------------------------------------------------------
      incash |   .1293103   .0824884     1.57   0.119    -.0336445    .2922652
       _cons |   .6206897   .0453427    13.69   0.000     .5311157    .7102637
------------------------------------------------------------------------------

 ( 1)  incash = 0

       F(  1,   154) =    2.46
            Prob > F =    0.1190

Linear regression                                      Number of obs =      40
                                                       F(  1,    38) =    0.80
                                                       Prob > F      =  0.3779
                                                       R-squared     =  0.0222
                                                       Root MSE      =   .4393

------------------------------------------------------------------------------
             |               Robust
   power_dom |      Coef.   Std. Err.      t    P>|t|     [95% Conf. Interval]
-------------+----------------------------------------------------------------
         new |  -.1333333   .1494369    -0.89   0.378    -.4358525    .1691858
       _cons |         .8   .0820783     9.75   0.000     .6338412    .9661588
------------------------------------------------------------------------------

 ( 1)  new = 0

       F(  1,    38) =    0.80
            Prob > F =    0.3779

Linear regression                                      Number of obs =      40
                                                       F(  1,    38) =    0.00
                                                       Prob > F      =  1.0000
                                                       R-squared     =  0.0000
                                                       Root MSE      =  .44426

------------------------------------------------------------------------------
             |               Robust
   power_dom |      Coef.   Std. Err.      t    P>|t|     [95% Conf. Interval]
-------------+----------------------------------------------------------------
         low |          0   .1404879     0.00   1.000    -.2844028    .2844028
       _cons |        .75   .0993399     7.55   0.000     .5488968    .9511032
------------------------------------------------------------------------------

 ( 1)  low = 0

       F(  1,    38) =    0.00
            Prob > F =    1.0000

Linear regression                                      Number of obs =     156
                                                       F(  1,   154) =    0.13
                                                       Prob > F      =  0.7192
                                                       R-squared     =  0.0009
                                                       Root MSE      =  .31348

------------------------------------------------------------------------------
             |               Robust
   power_agr |      Coef.   Std. Err.      t    P>|t|     [95% Conf. Interval]
-------------+----------------------------------------------------------------
      incash |   .0215517   .0598315     0.36   0.719    -.0966447    .1397482
       _cons |   .1034483   .0284592     3.63   0.000     .0472275     .159669
------------------------------------------------------------------------------

 ( 1)  incash = 0

       F(  1,   154) =    0.13
            Prob > F =    0.7192

Linear regression                                      Number of obs =      40
                                                       F(  1,    38) =    0.01
                                                       Prob > F      =  0.9059
                                                       R-squared     =  0.0004
                                                       Root MSE      =  .33925

------------------------------------------------------------------------------
             |               Robust
   power_agr |      Coef.   Std. Err.      t    P>|t|     [95% Conf. Interval]
-------------+----------------------------------------------------------------
         new |   .0133333   .1120512     0.12   0.906    -.2135025    .2401692
       _cons |        .12   .0666807     1.80   0.080     -.014988     .254988
------------------------------------------------------------------------------

 ( 1)  new = 0

       F(  1,    38) =    0.01
            Prob > F =    0.9059

Linear regression                                      Number of obs =      40
                                                       F(  1,    38) =    0.22
                                                       Prob > F      =  0.6429
                                                       R-squared     =  0.0057
                                                       Root MSE      =  .33834

------------------------------------------------------------------------------
             |               Robust
   power_agr |      Coef.   Std. Err.      t    P>|t|     [95% Conf. Interval]
-------------+----------------------------------------------------------------
         low |       -.05   .1069924    -0.47   0.643    -.2665947    .1665947
       _cons |        .15   .0819178     1.83   0.075    -.0158339    .3158339
------------------------------------------------------------------------------

 ( 1)  low = 0

       F(  1,    38) =    0.22
            Prob > F =    0.6429

Linear regression                                      Number of obs =     156
                                                       F(  1,   154) =    0.02
                                                       Prob > F      =  0.8918
                                                       R-squared     =  0.0001
                                                       Root MSE      =  .25477

------------------------------------------------------------------------------
             |               Robust
    shareirr |      Coef.   Std. Err.      t    P>|t|     [95% Conf. Interval]
-------------+----------------------------------------------------------------
      incash |  -.0059396   .0435959    -0.14   0.892    -.0920627    .0801835
       _cons |   .1800007    .024445     7.36   0.000     .1317099    .2282914
------------------------------------------------------------------------------

 ( 1)  incash = 0

       F(  1,   154) =    0.02
            Prob > F =    0.8918

Linear regression                                      Number of obs =      40
                                                       F(  1,    38) =    1.00
                                                       Prob > F      =  0.3236
                                                       R-squared     =  0.0244
                                                       Root MSE      =  .22987

------------------------------------------------------------------------------
             |               Robust
    shareirr |      Coef.   Std. Err.      t    P>|t|     [95% Conf. Interval]
-------------+----------------------------------------------------------------
         new |    .073182   .0731835     1.00   0.324    -.0749701    .2213342
       _cons |   .1466178    .047659     3.08   0.004     .0501373    .2430983
------------------------------------------------------------------------------

 ( 1)  new = 0

       F(  1,    38) =    1.00
            Prob > F =    0.3236

Linear regression                                      Number of obs =      40
                                                       F(  1,    38) =    0.43
                                                       Prob > F      =  0.5178
                                                       R-squared     =  0.0111
                                                       Root MSE      =  .23143

------------------------------------------------------------------------------
             |               Robust
    shareirr |      Coef.   Std. Err.      t    P>|t|     [95% Conf. Interval]
-------------+----------------------------------------------------------------
         low |   -.047776   .0731853    -0.65   0.518    -.1959319    .1003798
       _cons |   .1979491   .0589152     3.36   0.002     .0786815    .3172167
------------------------------------------------------------------------------

 ( 1)  low = 0

       F(  1,    38) =    0.43
            Prob > F =    0.5178

Linear regression                                      Number of obs =     156
                                                       F(  1,   154) =    0.68
                                                       Prob > F      =  0.4102
                                                       R-squared     =  0.0041
                                                       Root MSE      =  .25196

------------------------------------------------------------------------------
             |               Robust
  shareunirr |      Coef.   Std. Err.      t    P>|t|     [95% Conf. Interval]
-------------+----------------------------------------------------------------
      incash |   .0366221   .0443514     0.83   0.410    -.0509936    .1242379
       _cons |   .4880244   .0238715    20.44   0.000     .4408666    .5351822
------------------------------------------------------------------------------

 ( 1)  incash = 0

       F(  1,   154) =    0.68
            Prob > F =    0.4102

Linear regression                                      Number of obs =      40
                                                       F(  1,    38) =    0.93
                                                       Prob > F      =  0.3420
                                                       R-squared     =  0.0206
                                                       Root MSE      =  .23849

------------------------------------------------------------------------------
             |               Robust
  shareunirr |      Coef.   Std. Err.      t    P>|t|     [95% Conf. Interval]
-------------+----------------------------------------------------------------
         new |  -.0696376   .0723719    -0.96   0.342    -.2161468    .0768715
       _cons |   .5507606   .0523613    10.52   0.000     .4447608    .6567604
------------------------------------------------------------------------------

 ( 1)  new = 0

       F(  1,    38) =    0.93
            Prob > F =    0.3420

Linear regression                                      Number of obs =      40
                                                       F(  1,    38) =    0.11
                                                       Prob > F      =  0.7406
                                                       R-squared     =  0.0029
                                                       Root MSE      =  .24064

------------------------------------------------------------------------------
             |               Robust
  shareunirr |      Coef.   Std. Err.      t    P>|t|     [95% Conf. Interval]
-------------+----------------------------------------------------------------
         low |   .0253734    .076096     0.33   0.741    -.1286749    .1794216
       _cons |   .5119598    .062395     8.21   0.000     .3856478    .6382718
------------------------------------------------------------------------------

 ( 1)  low = 0

       F(  1,    38) =    0.11
            Prob > F =    0.7406

. matrix colnames results = "Cashvsothers" "ControlvsNew" "HighvsLowPrice";

. mat list results, format(%8.3f);

results[24,3]
              Cashvsothers  ControlvsNew  HighvsLowP~e
          r1             .             .             .
        area         0.862         0.822         0.196
        t_hh         0.961         0.997         0.077
     sharesc         0.378         0.221         0.785
     sharest         0.006         0.627         0.476
      sharef         0.884         0.931         0.964
   sc_middle         0.780         0.752         0.539
sc_secondary         0.594         0.680         0.108
     ph_cntr         0.900         0.080         0.560
     phs_cnt         0.642         0.262         0.267
        well         0.224         0.573         1.000
        tank         0.046         0.213         1.000
       river         0.680         0.283         0.222
       canal         0.589         0.283         0.687
    post_off         0.637         0.933         0.096
       phone         0.836         0.874         1.000
      bs_fac         0.393         0.623         0.194
      ac_soc         0.693         0.080         0.560
      app_pr         0.063         0.066         0.214
   dist_town         0.180         0.807         0.750
   power_dom         0.119         0.378         1.000
   power_agr         0.719         0.906         0.643
    shareirr         0.892         0.324         0.518
  shareunirr         0.410         0.342         0.741

. cap log close;
